0 info it worked if it ends with ok
1 verbose cli [ '/usr/bin/nodejs', '/usr/bin/npm', 'link' ]
2 info using npm@3.10.8
3 info using node@v6.9.1
4 verbose linkPkg /home/osm/osmtojson
5 verbose stack Error: Package must have a name field to be linked
5 verbose stack     at /usr/lib/node_modules/npm/lib/link.js:148:12
5 verbose stack     at /usr/lib/node_modules/npm/node_modules/read-package-json/read-json.js:356:5
5 verbose stack     at checkBinReferences_ (/usr/lib/node_modules/npm/node_modules/read-package-json/read-json.js:320:45)
5 verbose stack     at final (/usr/lib/node_modules/npm/node_modules/read-package-json/read-json.js:354:3)
5 verbose stack     at then (/usr/lib/node_modules/npm/node_modules/read-package-json/read-json.js:124:5)
5 verbose stack     at /usr/lib/node_modules/npm/node_modules/read-package-json/read-json.js:243:12
5 verbose stack     at /usr/lib/node_modules/npm/node_modules/graceful-fs/graceful-fs.js:78:16
5 verbose stack     at tryToString (fs.js:455:3)
5 verbose stack     at FSReqWrap.readFileAfterClose [as oncomplete] (fs.js:442:12)
6 verbose cwd /home/osm/osmtojson
7 error Linux 4.4.0-38-generic
8 error argv "/usr/bin/nodejs" "/usr/bin/npm" "link"
9 error node v6.9.1
10 error npm  v3.10.8
11 error Package must have a name field to be linked
12 error If you need help, you may report this error at:
12 error     <https://github.com/npm/npm/issues>
13 verbose exit [ 1, true ]
